<?xml version="1.0" encoding="UTF-8"?>
<testsuite name="com.amazon.aws.engine.IntegrationTest" tests="1" skipped="0" failures="0" errors="0" timestamp="2023-12-31T23:55:59" hostname="DESKTOP-P8MTEK4" time="5.33">
  <properties/>
  <testcase name="processOrder_UnevenManyBuySellOrders_ShouldPartiallyFillOrder" classname="com.amazon.aws.engine.IntegrationTest" time="5.33"/>
  <system-out><![CDATA[Server processing order: #1061934666
Server booting up...
-- StockPipeline for APPL does NOT exist. Creating stock pipeline...
-- Submitting order #1061934666 to created StockPipeline
Server processing order: #1410770231
---- Submitting order #1061934666 to BuyOrderProducer
-- StockPipeline for APPL already exists. 
---- Booting up StockConsumer...
-- Submitting order #1410770231 to existing StockPipeline
StockConsumer polling queue of of pending orders...
Server processing order: #1393046921
---- Submitting order #1410770231 to SellOrderProducer
---- Booting up StockConsumer...
-- StockPipeline for APPL already exists. 
-- Submitting order #1393046921 to existing StockPipeline
Server processing order: #770003549
---- Submitting order #1393046921 to SellOrderProducer
---- Booting up StockConsumer...
-- StockPipeline for APPL already exists. 
-- Submitting order #770003549 to existing StockPipeline
Server processing order: #1278965195
---- Submitting order #770003549 to SellOrderProducer
---- Booting up StockConsumer...
-- StockPipeline for APPL already exists. 
-- Submitting order #1278965195 to existing StockPipeline
---- Submitting order #1278965195 to SellOrderProducer
---- Booting up StockConsumer...
Executing OrderMatching Algorithm...
***************Beginning Order Matching**********************
OrderMatchingAlgorithm - Iteration 0, sharesCount : 1
OrderMatchingAlgorithm - Iteration 1, sharesCount : 3
OrderMatchingAlgorithm - Iteration 2, sharesCount : 5
OrderMatchingAlgorithm - Iteration 3, sharesCount : 8
***************FINISHED Order Matching**********************
Buy order status: FILLED
SellOrder Original Shares 1 | New Status: FILLED | Remaining Shares: 0
SellOrder Original Shares 2 | New Status: FILLED | Remaining Shares: 0
SellOrder Original Shares 2 | New Status: FILLED | Remaining Shares: 0
SellOrder Original Shares 3 | New Status: PARTIALLY_FILLED | Remaining Shares: 2
]]></system-out>
  <system-err><![CDATA[]]></system-err>
</testsuite>
